{"/Users/banzubie/RFE2207/fec/client/src/Reviews/ReviewForm.jsx": {"path":"/Users/banzubie/RFE2207/fec/client/src/Reviews/ReviewForm.jsx","statementMap":{"0":{"start":{"line":6,"column":19},"end":{"line":133,"column":1}},"1":{"start":{"line":8,"column":36},"end":{"line":8,"column":51}},"2":{"start":{"line":9,"column":38},"end":{"line":9,"column":49}},"3":{"start":{"line":10,"column":40},"end":{"line":10,"column":52}},"4":{"start":{"line":11,"column":40},"end":{"line":11,"column":52}},"5":{"start":{"line":12,"column":38},"end":{"line":12,"column":50}},"6":{"start":{"line":13,"column":36},"end":{"line":13,"column":50}},"7":{"start":{"line":14,"column":40},"end":{"line":14,"column":61}},"8":{"start":{"line":16,"column":2},"end":{"line":28,"column":8}},"9":{"start":{"line":17,"column":4},"end":{"line":27,"column":9}},"10":{"start":{"line":23,"column":8},"end":{"line":23,"column":43}},"11":{"start":{"line":26,"column":8},"end":{"line":26,"column":25}},"12":{"start":{"line":30,"column":23},"end":{"line":57,"column":3}},"13":{"start":{"line":31,"column":4},"end":{"line":31,"column":23}},"14":{"start":{"line":33,"column":4},"end":{"line":56,"column":59}},"15":{"start":{"line":44,"column":6},"end":{"line":44,"column":26}},"16":{"start":{"line":45,"column":6},"end":{"line":55,"column":8}},"17":{"start":{"line":52,"column":8},"end":{"line":52,"column":46}},"18":{"start":{"line":54,"column":8},"end":{"line":54,"column":44}},"19":{"start":{"line":56,"column":20},"end":{"line":56,"column":58}},"20":{"start":{"line":59,"column":23},"end":{"line":72,"column":3}},"21":{"start":{"line":60,"column":4},"end":{"line":60,"column":23}},"22":{"start":{"line":61,"column":4},"end":{"line":71,"column":5}},"23":{"start":{"line":63,"column":29},"end":{"line":63,"column":47}},"24":{"start":{"line":74,"column":19},"end":{"line":80,"column":3}},"25":{"start":{"line":75,"column":4},"end":{"line":75,"column":23}},"26":{"start":{"line":76,"column":20},"end":{"line":76,"column":39}},"27":{"start":{"line":77,"column":4},"end":{"line":77,"column":42}},"28":{"start":{"line":78,"column":4},"end":{"line":78,"column":29}},"29":{"start":{"line":79,"column":4},"end":{"line":79,"column":22}},"30":{"start":{"line":82,"column":26},"end":{"line":87,"column":3}},"31":{"start":{"line":83,"column":14},"end":{"line":83,"column":36}},"32":{"start":{"line":84,"column":20},"end":{"line":84,"column":50}},"33":{"start":{"line":85,"column":4},"end":{"line":85,"column":35}},"34":{"start":{"line":86,"column":4},"end":{"line":86,"column":29}},"35":{"start":{"line":89,"column":21},"end":{"line":91,"column":3}},"36":{"start":{"line":90,"column":4},"end":{"line":90,"column":34}},"37":{"start":{"line":93,"column":2},"end":{"line":132,"column":3}},"38":{"start":{"line":96,"column":29},"end":{"line":96,"column":49}},"39":{"start":{"line":112,"column":12},"end":{"line":116,"column":15}}},"fnMap":{"0":{"name":"(anonymous_0)","decl":{"start":{"line":6,"column":19},"end":{"line":6,"column":20}},"loc":{"start":{"line":6,"column":75},"end":{"line":133,"column":1}},"line":6},"1":{"name":"(anonymous_1)","decl":{"start":{"line":16,"column":12},"end":{"line":16,"column":13}},"loc":{"start":{"line":16,"column":18},"end":{"line":28,"column":3}},"line":16},"2":{"name":"(anonymous_2)","decl":{"start":{"line":22,"column":12},"end":{"line":22,"column":13}},"loc":{"start":{"line":22,"column":26},"end":{"line":24,"column":7}},"line":22},"3":{"name":"(anonymous_3)","decl":{"start":{"line":25,"column":13},"end":{"line":25,"column":14}},"loc":{"start":{"line":25,"column":22},"end":{"line":27,"column":7}},"line":25},"4":{"name":"(anonymous_4)","decl":{"start":{"line":30,"column":23},"end":{"line":30,"column":24}},"loc":{"start":{"line":30,"column":30},"end":{"line":57,"column":3}},"line":30},"5":{"name":"(anonymous_5)","decl":{"start":{"line":43,"column":12},"end":{"line":43,"column":13}},"loc":{"start":{"line":43,"column":24},"end":{"line":56,"column":5}},"line":43},"6":{"name":"(anonymous_6)","decl":{"start":{"line":51,"column":14},"end":{"line":51,"column":15}},"loc":{"start":{"line":51,"column":26},"end":{"line":53,"column":7}},"line":51},"7":{"name":"(anonymous_7)","decl":{"start":{"line":53,"column":15},"end":{"line":53,"column":16}},"loc":{"start":{"line":53,"column":22},"end":{"line":55,"column":7}},"line":53},"8":{"name":"(anonymous_8)","decl":{"start":{"line":56,"column":13},"end":{"line":56,"column":14}},"loc":{"start":{"line":56,"column":20},"end":{"line":56,"column":58}},"line":56},"9":{"name":"(anonymous_9)","decl":{"start":{"line":59,"column":23},"end":{"line":59,"column":24}},"loc":{"start":{"line":59,"column":30},"end":{"line":72,"column":3}},"line":59},"10":{"name":"(anonymous_10)","decl":{"start":{"line":63,"column":23},"end":{"line":63,"column":24}},"loc":{"start":{"line":63,"column":29},"end":{"line":63,"column":47}},"line":63},"11":{"name":"(anonymous_11)","decl":{"start":{"line":74,"column":19},"end":{"line":74,"column":20}},"loc":{"start":{"line":74,"column":26},"end":{"line":80,"column":3}},"line":74},"12":{"name":"(anonymous_12)","decl":{"start":{"line":82,"column":26},"end":{"line":82,"column":27}},"loc":{"start":{"line":82,"column":33},"end":{"line":87,"column":3}},"line":82},"13":{"name":"(anonymous_13)","decl":{"start":{"line":89,"column":21},"end":{"line":89,"column":22}},"loc":{"start":{"line":89,"column":28},"end":{"line":91,"column":3}},"line":89},"14":{"name":"(anonymous_14)","decl":{"start":{"line":96,"column":23},"end":{"line":96,"column":24}},"loc":{"start":{"line":96,"column":29},"end":{"line":96,"column":49}},"line":96},"15":{"name":"(anonymous_15)","decl":{"start":{"line":111,"column":27},"end":{"line":111,"column":28}},"loc":{"start":{"line":111,"column":36},"end":{"line":116,"column":16}},"line":111}},"branchMap":{"0":{"loc":{"start":{"line":109,"column":11},"end":{"line":109,"column":186}},"type":"cond-expr","locations":[{"start":{"line":109,"column":36},"end":{"line":109,"column":131}},{"start":{"line":109,"column":134},"end":{"line":109,"column":186}}],"line":109},"1":{"loc":{"start":{"line":117,"column":18},"end":{"line":117,"column":102}},"type":"cond-expr","locations":[{"start":{"line":117,"column":43},"end":{"line":117,"column":95}},{"start":{"line":117,"column":98},"end":{"line":117,"column":102}}],"line":117}},"s":{"0":1,"1":1,"2":1,"3":1,"4":1,"5":1,"6":1,"7":1,"8":1,"9":1,"10":0,"11":0,"12":1,"13":0,"14":0,"15":0,"16":0,"17":0,"18":0,"19":0,"20":1,"21":0,"22":0,"23":0,"24":1,"25":0,"26":0,"27":0,"28":0,"29":0,"30":1,"31":0,"32":0,"33":0,"34":0,"35":1,"36":0,"37":1,"38":0,"39":0},"f":{"0":1,"1":1,"2":0,"3":0,"4":0,"5":0,"6":0,"7":0,"8":0,"9":0,"10":0,"11":0,"12":0,"13":0,"14":0,"15":0},"b":{"0":[1,0],"1":[1,0]},"_coverageSchema":"1a1c01bbd47fc00a2c39e90264f33305004495a9","hash":"b5cdb7f3a386d2df4c6f5df19b9087156e107188"}
,"/Users/banzubie/RFE2207/fec/client/src/Reviews/ReviewList.jsx": {"path":"/Users/banzubie/RFE2207/fec/client/src/Reviews/ReviewList.jsx","statementMap":{"0":{"start":{"line":6,"column":19},"end":{"line":78,"column":1}},"1":{"start":{"line":8,"column":28},"end":{"line":8,"column":39}},"2":{"start":{"line":11,"column":2},"end":{"line":24,"column":13}},"3":{"start":{"line":12,"column":4},"end":{"line":12,"column":16}},"4":{"start":{"line":13,"column":4},"end":{"line":23,"column":6}},"5":{"start":{"line":20,"column":6},"end":{"line":20,"column":44}},"6":{"start":{"line":22,"column":6},"end":{"line":22,"column":42}},"7":{"start":{"line":27,"column":22},"end":{"line":29,"column":3}},"8":{"start":{"line":28,"column":4},"end":{"line":28,"column":24}},"9":{"start":{"line":32,"column":21},"end":{"line":44,"column":3}},"10":{"start":{"line":33,"column":4},"end":{"line":43,"column":6}},"11":{"start":{"line":40,"column":6},"end":{"line":40,"column":37}},"12":{"start":{"line":42,"column":6},"end":{"line":42,"column":42}},"13":{"start":{"line":46,"column":16},"end":{"line":46,"column":20}},"14":{"start":{"line":47,"column":2},"end":{"line":49,"column":3}},"15":{"start":{"line":48,"column":4},"end":{"line":48,"column":26}},"16":{"start":{"line":51,"column":2},"end":{"line":77,"column":3}},"17":{"start":{"line":52,"column":4},"end":{"line":57,"column":5}},"18":{"start":{"line":59,"column":4},"end":{"line":76,"column":7}},"19":{"start":{"line":69,"column":10},"end":{"line":71,"column":11}},"20":{"start":{"line":70,"column":12},"end":{"line":70,"column":114}}},"fnMap":{"0":{"name":"(anonymous_0)","decl":{"start":{"line":6,"column":19},"end":{"line":6,"column":20}},"loc":{"start":{"line":6,"column":106},"end":{"line":78,"column":1}},"line":6},"1":{"name":"(anonymous_1)","decl":{"start":{"line":11,"column":13},"end":{"line":11,"column":14}},"loc":{"start":{"line":11,"column":19},"end":{"line":24,"column":3}},"line":11},"2":{"name":"(anonymous_2)","decl":{"start":{"line":19,"column":12},"end":{"line":19,"column":13}},"loc":{"start":{"line":19,"column":24},"end":{"line":21,"column":5}},"line":19},"3":{"name":"(anonymous_3)","decl":{"start":{"line":21,"column":13},"end":{"line":21,"column":14}},"loc":{"start":{"line":21,"column":20},"end":{"line":23,"column":5}},"line":21},"4":{"name":"(anonymous_4)","decl":{"start":{"line":27,"column":22},"end":{"line":27,"column":23}},"loc":{"start":{"line":27,"column":28},"end":{"line":29,"column":3}},"line":27},"5":{"name":"(anonymous_5)","decl":{"start":{"line":32,"column":21},"end":{"line":32,"column":22}},"loc":{"start":{"line":32,"column":28},"end":{"line":44,"column":3}},"line":32},"6":{"name":"(anonymous_6)","decl":{"start":{"line":39,"column":12},"end":{"line":39,"column":13}},"loc":{"start":{"line":39,"column":24},"end":{"line":41,"column":5}},"line":39},"7":{"name":"(anonymous_7)","decl":{"start":{"line":41,"column":13},"end":{"line":41,"column":14}},"loc":{"start":{"line":41,"column":20},"end":{"line":43,"column":5}},"line":41},"8":{"name":"(anonymous_8)","decl":{"start":{"line":68,"column":21},"end":{"line":68,"column":22}},"loc":{"start":{"line":68,"column":38},"end":{"line":72,"column":9}},"line":68}},"branchMap":{"0":{"loc":{"start":{"line":47,"column":2},"end":{"line":49,"column":3}},"type":"if","locations":[{"start":{"line":47,"column":2},"end":{"line":49,"column":3}},{"start":{},"end":{}}],"line":47},"1":{"loc":{"start":{"line":51,"column":2},"end":{"line":77,"column":3}},"type":"if","locations":[{"start":{"line":51,"column":2},"end":{"line":77,"column":3}},{"start":{"line":58,"column":9},"end":{"line":77,"column":3}}],"line":51},"2":{"loc":{"start":{"line":69,"column":10},"end":{"line":71,"column":11}},"type":"if","locations":[{"start":{"line":69,"column":10},"end":{"line":71,"column":11}},{"start":{},"end":{}}],"line":69}},"s":{"0":1,"1":5,"2":5,"3":1,"4":1,"5":1,"6":0,"7":5,"8":1,"9":5,"10":0,"11":0,"12":0,"13":5,"14":5,"15":5,"16":5,"17":1,"18":4,"19":160,"20":12},"f":{"0":5,"1":1,"2":1,"3":0,"4":1,"5":0,"6":0,"7":0,"8":160},"b":{"0":[5,0],"1":[1,4],"2":[12,148]},"_coverageSchema":"1a1c01bbd47fc00a2c39e90264f33305004495a9","hash":"fda944e4448dfc463f435322e590e4d33def9221"}
,"/Users/banzubie/RFE2207/fec/client/src/Reviews/ReviewMeta.jsx": {"path":"/Users/banzubie/RFE2207/fec/client/src/Reviews/ReviewMeta.jsx","statementMap":{"0":{"start":{"line":6,"column":19},"end":{"line":148,"column":1}},"1":{"start":{"line":9,"column":2},"end":{"line":27,"column":13}},"2":{"start":{"line":10,"column":4},"end":{"line":26,"column":6}},"3":{"start":{"line":15,"column":6},"end":{"line":15,"column":33}},"4":{"start":{"line":16,"column":22},"end":{"line":16,"column":23}},"5":{"start":{"line":17,"column":21},"end":{"line":17,"column":22}},"6":{"start":{"line":18,"column":6},"end":{"line":21,"column":7}},"7":{"start":{"line":19,"column":8},"end":{"line":19,"column":72}},"8":{"start":{"line":20,"column":8},"end":{"line":20,"column":55}},"9":{"start":{"line":22,"column":6},"end":{"line":22,"column":55}},"10":{"start":{"line":23,"column":6},"end":{"line":23,"column":29}},"11":{"start":{"line":25,"column":6},"end":{"line":25,"column":42}},"12":{"start":{"line":30,"column":20},"end":{"line":32,"column":3}},"13":{"start":{"line":31,"column":4},"end":{"line":31,"column":121}},"14":{"start":{"line":35,"column":24},"end":{"line":46,"column":3}},"15":{"start":{"line":36,"column":4},"end":{"line":45,"column":5}},"16":{"start":{"line":48,"column":2},"end":{"line":147,"column":3}},"17":{"start":{"line":49,"column":4},"end":{"line":49,"column":60}},"18":{"start":{"line":51,"column":4},"end":{"line":146,"column":5}}},"fnMap":{"0":{"name":"(anonymous_0)","decl":{"start":{"line":6,"column":19},"end":{"line":6,"column":20}},"loc":{"start":{"line":6,"column":125},"end":{"line":148,"column":1}},"line":6},"1":{"name":"(anonymous_1)","decl":{"start":{"line":9,"column":13},"end":{"line":9,"column":14}},"loc":{"start":{"line":9,"column":19},"end":{"line":27,"column":3}},"line":9},"2":{"name":"(anonymous_2)","decl":{"start":{"line":14,"column":12},"end":{"line":14,"column":13}},"loc":{"start":{"line":14,"column":24},"end":{"line":24,"column":5}},"line":14},"3":{"name":"(anonymous_3)","decl":{"start":{"line":24,"column":13},"end":{"line":24,"column":14}},"loc":{"start":{"line":24,"column":20},"end":{"line":26,"column":5}},"line":24},"4":{"name":"(anonymous_4)","decl":{"start":{"line":30,"column":20},"end":{"line":30,"column":21}},"loc":{"start":{"line":30,"column":27},"end":{"line":32,"column":3}},"line":30},"5":{"name":"(anonymous_5)","decl":{"start":{"line":35,"column":24},"end":{"line":35,"column":25}},"loc":{"start":{"line":35,"column":31},"end":{"line":46,"column":3}},"line":35}},"branchMap":{"0":{"loc":{"start":{"line":48,"column":2},"end":{"line":147,"column":3}},"type":"if","locations":[{"start":{"line":48,"column":2},"end":{"line":147,"column":3}},{"start":{"line":50,"column":9},"end":{"line":147,"column":3}}],"line":48},"1":{"loc":{"start":{"line":59,"column":33},"end":{"line":59,"column":57}},"type":"binary-expr","locations":[{"start":{"line":59,"column":33},"end":{"line":59,"column":52}},{"start":{"line":59,"column":56},"end":{"line":59,"column":57}}],"line":59},"2":{"loc":{"start":{"line":61,"column":35},"end":{"line":61,"column":59}},"type":"binary-expr","locations":[{"start":{"line":61,"column":35},"end":{"line":61,"column":54}},{"start":{"line":61,"column":58},"end":{"line":61,"column":59}}],"line":61},"3":{"loc":{"start":{"line":66,"column":33},"end":{"line":66,"column":57}},"type":"binary-expr","locations":[{"start":{"line":66,"column":33},"end":{"line":66,"column":52}},{"start":{"line":66,"column":56},"end":{"line":66,"column":57}}],"line":66},"4":{"loc":{"start":{"line":68,"column":35},"end":{"line":68,"column":59}},"type":"binary-expr","locations":[{"start":{"line":68,"column":35},"end":{"line":68,"column":54}},{"start":{"line":68,"column":58},"end":{"line":68,"column":59}}],"line":68},"5":{"loc":{"start":{"line":73,"column":33},"end":{"line":73,"column":57}},"type":"binary-expr","locations":[{"start":{"line":73,"column":33},"end":{"line":73,"column":52}},{"start":{"line":73,"column":56},"end":{"line":73,"column":57}}],"line":73},"6":{"loc":{"start":{"line":75,"column":35},"end":{"line":75,"column":59}},"type":"binary-expr","locations":[{"start":{"line":75,"column":35},"end":{"line":75,"column":54}},{"start":{"line":75,"column":58},"end":{"line":75,"column":59}}],"line":75},"7":{"loc":{"start":{"line":80,"column":33},"end":{"line":80,"column":57}},"type":"binary-expr","locations":[{"start":{"line":80,"column":33},"end":{"line":80,"column":52}},{"start":{"line":80,"column":56},"end":{"line":80,"column":57}}],"line":80},"8":{"loc":{"start":{"line":82,"column":35},"end":{"line":82,"column":59}},"type":"binary-expr","locations":[{"start":{"line":82,"column":35},"end":{"line":82,"column":54}},{"start":{"line":82,"column":58},"end":{"line":82,"column":59}}],"line":82},"9":{"loc":{"start":{"line":87,"column":33},"end":{"line":87,"column":57}},"type":"binary-expr","locations":[{"start":{"line":87,"column":33},"end":{"line":87,"column":52}},{"start":{"line":87,"column":56},"end":{"line":87,"column":57}}],"line":87},"10":{"loc":{"start":{"line":89,"column":35},"end":{"line":89,"column":59}},"type":"binary-expr","locations":[{"start":{"line":89,"column":35},"end":{"line":89,"column":54}},{"start":{"line":89,"column":58},"end":{"line":89,"column":59}}],"line":89},"11":{"loc":{"start":{"line":91,"column":14},"end":{"line":98,"column":23}},"type":"cond-expr","locations":[{"start":{"line":91,"column":49},"end":{"line":98,"column":16}},{"start":{"line":98,"column":19},"end":{"line":98,"column":23}}],"line":91},"12":{"loc":{"start":{"line":100,"column":14},"end":{"line":107,"column":23}},"type":"cond-expr","locations":[{"start":{"line":100,"column":45},"end":{"line":107,"column":16}},{"start":{"line":107,"column":19},"end":{"line":107,"column":23}}],"line":100},"13":{"loc":{"start":{"line":109,"column":14},"end":{"line":116,"column":23}},"type":"cond-expr","locations":[{"start":{"line":109,"column":48},"end":{"line":116,"column":16}},{"start":{"line":116,"column":19},"end":{"line":116,"column":23}}],"line":109},"14":{"loc":{"start":{"line":118,"column":14},"end":{"line":125,"column":23}},"type":"cond-expr","locations":[{"start":{"line":118,"column":49},"end":{"line":125,"column":16}},{"start":{"line":125,"column":19},"end":{"line":125,"column":23}}],"line":118},"15":{"loc":{"start":{"line":127,"column":14},"end":{"line":134,"column":23}},"type":"cond-expr","locations":[{"start":{"line":127,"column":46},"end":{"line":134,"column":16}},{"start":{"line":134,"column":19},"end":{"line":134,"column":23}}],"line":127},"16":{"loc":{"start":{"line":136,"column":14},"end":{"line":143,"column":23}},"type":"cond-expr","locations":[{"start":{"line":136,"column":47},"end":{"line":143,"column":16}},{"start":{"line":143,"column":19},"end":{"line":143,"column":23}}],"line":136}},"s":{"0":1,"1":4,"2":1,"3":1,"4":1,"5":1,"6":1,"7":5,"8":5,"9":1,"10":1,"11":0,"12":4,"13":10,"14":4,"15":8,"16":4,"17":2,"18":2},"f":{"0":4,"1":1,"2":1,"3":0,"4":10,"5":8},"b":{"0":[2,2],"1":[2,0],"2":[2,0],"3":[2,0],"4":[2,0],"5":[2,0],"6":[2,0],"7":[2,0],"8":[2,0],"9":[2,0],"10":[2,0],"11":[2,0],"12":[2,0],"13":[2,0],"14":[2,0],"15":[0,2],"16":[0,2]},"_coverageSchema":"1a1c01bbd47fc00a2c39e90264f33305004495a9","hash":"45c24618a514b11f6b98f98e4f8ad8b1b43982e0"}
,"/Users/banzubie/RFE2207/fec/client/src/Reviews/ReviewRatingSelectors.jsx": {"path":"/Users/banzubie/RFE2207/fec/client/src/Reviews/ReviewRatingSelectors.jsx","statementMap":{"0":{"start":{"line":3,"column":23},"end":{"line":227,"column":1}},"1":{"start":{"line":5,"column":26},"end":{"line":71,"column":3}},"2":{"start":{"line":6,"column":21},"end":{"line":6,"column":39}},"3":{"start":{"line":7,"column":4},"end":{"line":17,"column":5}},"4":{"start":{"line":8,"column":6},"end":{"line":8,"column":28}},"5":{"start":{"line":9,"column":11},"end":{"line":17,"column":5}},"6":{"start":{"line":10,"column":6},"end":{"line":10,"column":28}},"7":{"start":{"line":11,"column":11},"end":{"line":17,"column":5}},"8":{"start":{"line":12,"column":6},"end":{"line":12,"column":31}},"9":{"start":{"line":13,"column":11},"end":{"line":17,"column":5}},"10":{"start":{"line":14,"column":6},"end":{"line":14,"column":28}},"11":{"start":{"line":15,"column":11},"end":{"line":17,"column":5}},"12":{"start":{"line":16,"column":6},"end":{"line":16,"column":29}},"13":{"start":{"line":18,"column":17},"end":{"line":29,"column":5}},"14":{"start":{"line":31,"column":22},"end":{"line":42,"column":5}},"15":{"start":{"line":44,"column":22},"end":{"line":49,"column":5}},"16":{"start":{"line":50,"column":4},"end":{"line":70,"column":5}},"17":{"start":{"line":54,"column":35},"end":{"line":54,"column":51}},"18":{"start":{"line":55,"column":35},"end":{"line":55,"column":51}},"19":{"start":{"line":56,"column":35},"end":{"line":56,"column":51}},"20":{"start":{"line":57,"column":35},"end":{"line":57,"column":51}},"21":{"start":{"line":58,"column":35},"end":{"line":58,"column":51}},"22":{"start":{"line":61,"column":35},"end":{"line":61,"column":51}},"23":{"start":{"line":62,"column":35},"end":{"line":62,"column":51}},"24":{"start":{"line":63,"column":35},"end":{"line":63,"column":51}},"25":{"start":{"line":64,"column":35},"end":{"line":64,"column":51}},"26":{"start":{"line":65,"column":35},"end":{"line":65,"column":51}},"27":{"start":{"line":73,"column":2},"end":{"line":226,"column":3}},"28":{"start":{"line":82,"column":61},"end":{"line":82,"column":79}},"29":{"start":{"line":83,"column":61},"end":{"line":83,"column":80}}},"fnMap":{"0":{"name":"(anonymous_0)","decl":{"start":{"line":3,"column":23},"end":{"line":3,"column":24}},"loc":{"start":{"line":3,"column":97},"end":{"line":227,"column":1}},"line":3},"1":{"name":"(anonymous_1)","decl":{"start":{"line":5,"column":26},"end":{"line":5,"column":27}},"loc":{"start":{"line":5,"column":35},"end":{"line":71,"column":3}},"line":5},"2":{"name":"(anonymous_2)","decl":{"start":{"line":54,"column":29},"end":{"line":54,"column":30}},"loc":{"start":{"line":54,"column":35},"end":{"line":54,"column":51}},"line":54},"3":{"name":"(anonymous_3)","decl":{"start":{"line":55,"column":29},"end":{"line":55,"column":30}},"loc":{"start":{"line":55,"column":35},"end":{"line":55,"column":51}},"line":55},"4":{"name":"(anonymous_4)","decl":{"start":{"line":56,"column":29},"end":{"line":56,"column":30}},"loc":{"start":{"line":56,"column":35},"end":{"line":56,"column":51}},"line":56},"5":{"name":"(anonymous_5)","decl":{"start":{"line":57,"column":29},"end":{"line":57,"column":30}},"loc":{"start":{"line":57,"column":35},"end":{"line":57,"column":51}},"line":57},"6":{"name":"(anonymous_6)","decl":{"start":{"line":58,"column":29},"end":{"line":58,"column":30}},"loc":{"start":{"line":58,"column":35},"end":{"line":58,"column":51}},"line":58},"7":{"name":"(anonymous_7)","decl":{"start":{"line":61,"column":29},"end":{"line":61,"column":30}},"loc":{"start":{"line":61,"column":35},"end":{"line":61,"column":51}},"line":61},"8":{"name":"(anonymous_8)","decl":{"start":{"line":62,"column":29},"end":{"line":62,"column":30}},"loc":{"start":{"line":62,"column":35},"end":{"line":62,"column":51}},"line":62},"9":{"name":"(anonymous_9)","decl":{"start":{"line":63,"column":29},"end":{"line":63,"column":30}},"loc":{"start":{"line":63,"column":35},"end":{"line":63,"column":51}},"line":63},"10":{"name":"(anonymous_10)","decl":{"start":{"line":64,"column":29},"end":{"line":64,"column":30}},"loc":{"start":{"line":64,"column":35},"end":{"line":64,"column":51}},"line":64},"11":{"name":"(anonymous_11)","decl":{"start":{"line":65,"column":29},"end":{"line":65,"column":30}},"loc":{"start":{"line":65,"column":35},"end":{"line":65,"column":51}},"line":65},"12":{"name":"(anonymous_12)","decl":{"start":{"line":82,"column":55},"end":{"line":82,"column":56}},"loc":{"start":{"line":82,"column":61},"end":{"line":82,"column":79}},"line":82},"13":{"name":"(anonymous_13)","decl":{"start":{"line":83,"column":55},"end":{"line":83,"column":56}},"loc":{"start":{"line":83,"column":61},"end":{"line":83,"column":80}},"line":83}},"branchMap":{"0":{"loc":{"start":{"line":7,"column":4},"end":{"line":17,"column":5}},"type":"if","locations":[{"start":{"line":7,"column":4},"end":{"line":17,"column":5}},{"start":{"line":9,"column":11},"end":{"line":17,"column":5}}],"line":7},"1":{"loc":{"start":{"line":9,"column":11},"end":{"line":17,"column":5}},"type":"if","locations":[{"start":{"line":9,"column":11},"end":{"line":17,"column":5}},{"start":{"line":11,"column":11},"end":{"line":17,"column":5}}],"line":9},"2":{"loc":{"start":{"line":11,"column":11},"end":{"line":17,"column":5}},"type":"if","locations":[{"start":{"line":11,"column":11},"end":{"line":17,"column":5}},{"start":{"line":13,"column":11},"end":{"line":17,"column":5}}],"line":11},"3":{"loc":{"start":{"line":13,"column":11},"end":{"line":17,"column":5}},"type":"if","locations":[{"start":{"line":13,"column":11},"end":{"line":17,"column":5}},{"start":{"line":15,"column":11},"end":{"line":17,"column":5}}],"line":13},"4":{"loc":{"start":{"line":15,"column":11},"end":{"line":17,"column":5}},"type":"if","locations":[{"start":{"line":15,"column":11},"end":{"line":17,"column":5}},{"start":{},"end":{}}],"line":15},"5":{"loc":{"start":{"line":86,"column":9},"end":{"line":108,"column":21}},"type":"cond-expr","locations":[{"start":{"line":86,"column":41},"end":{"line":108,"column":14}},{"start":{"line":108,"column":17},"end":{"line":108,"column":21}}],"line":86},"6":{"loc":{"start":{"line":109,"column":9},"end":{"line":131,"column":21}},"type":"cond-expr","locations":[{"start":{"line":109,"column":42},"end":{"line":131,"column":14}},{"start":{"line":131,"column":17},"end":{"line":131,"column":21}}],"line":109},"7":{"loc":{"start":{"line":132,"column":9},"end":{"line":154,"column":21}},"type":"cond-expr","locations":[{"start":{"line":132,"column":44},"end":{"line":154,"column":14}},{"start":{"line":154,"column":17},"end":{"line":154,"column":21}}],"line":132},"8":{"loc":{"start":{"line":155,"column":9},"end":{"line":177,"column":21}},"type":"cond-expr","locations":[{"start":{"line":155,"column":44},"end":{"line":177,"column":14}},{"start":{"line":177,"column":17},"end":{"line":177,"column":21}}],"line":155},"9":{"loc":{"start":{"line":178,"column":9},"end":{"line":200,"column":21}},"type":"cond-expr","locations":[{"start":{"line":178,"column":43},"end":{"line":200,"column":14}},{"start":{"line":200,"column":17},"end":{"line":200,"column":21}}],"line":178},"10":{"loc":{"start":{"line":201,"column":9},"end":{"line":223,"column":21}},"type":"cond-expr","locations":[{"start":{"line":201,"column":40},"end":{"line":223,"column":14}},{"start":{"line":223,"column":17},"end":{"line":223,"column":21}}],"line":201}},"s":{"0":1,"1":1,"2":1,"3":1,"4":0,"5":1,"6":0,"7":1,"8":0,"9":1,"10":0,"11":1,"12":0,"13":1,"14":1,"15":1,"16":1,"17":0,"18":0,"19":0,"20":0,"21":0,"22":0,"23":0,"24":0,"25":0,"26":0,"27":1,"28":0,"29":0},"f":{"0":1,"1":1,"2":0,"3":0,"4":0,"5":0,"6":0,"7":0,"8":0,"9":0,"10":0,"11":0,"12":0,"13":0},"b":{"0":[0,1],"1":[0,1],"2":[0,1],"3":[0,1],"4":[0,1],"5":[0,1],"6":[0,1],"7":[1,0],"8":[1,0],"9":[1,0],"10":[1,0]},"_coverageSchema":"1a1c01bbd47fc00a2c39e90264f33305004495a9","hash":"423aa9319a6b2d23dd52d02687b0f65c69762ca4"}
,"/Users/banzubie/RFE2207/fec/client/src/Reviews/ReviewTile.jsx": {"path":"/Users/banzubie/RFE2207/fec/client/src/Reviews/ReviewTile.jsx","statementMap":{"0":{"start":{"line":5,"column":19},"end":{"line":95,"column":1}},"1":{"start":{"line":7,"column":34},"end":{"line":7,"column":60}},"2":{"start":{"line":9,"column":32},"end":{"line":9,"column":46}},"3":{"start":{"line":11,"column":38},"end":{"line":11,"column":53}},"4":{"start":{"line":13,"column":34},"end":{"line":13,"column":49}},"5":{"start":{"line":16,"column":2},"end":{"line":20,"column":8}},"6":{"start":{"line":17,"column":4},"end":{"line":19,"column":5}},"7":{"start":{"line":18,"column":6},"end":{"line":18,"column":24}},"8":{"start":{"line":23,"column":19},"end":{"line":32,"column":3}},"9":{"start":{"line":24,"column":4},"end":{"line":31,"column":6}},"10":{"start":{"line":27,"column":6},"end":{"line":27,"column":32}},"11":{"start":{"line":28,"column":6},"end":{"line":28,"column":26}},"12":{"start":{"line":30,"column":6},"end":{"line":30,"column":37}},"13":{"start":{"line":35,"column":22},"end":{"line":56,"column":3}},"14":{"start":{"line":36,"column":4},"end":{"line":55,"column":5}},"15":{"start":{"line":37,"column":6},"end":{"line":52,"column":8}},"16":{"start":{"line":40,"column":8},"end":{"line":49,"column":10}},"17":{"start":{"line":46,"column":10},"end":{"line":46,"column":41}},"18":{"start":{"line":48,"column":10},"end":{"line":48,"column":44}},"19":{"start":{"line":51,"column":8},"end":{"line":51,"column":42}},"20":{"start":{"line":54,"column":6},"end":{"line":54,"column":13}},"21":{"start":{"line":59,"column":19},"end":{"line":62,"column":3}},"22":{"start":{"line":60,"column":5},"end":{"line":61,"column":99}},"23":{"start":{"line":65,"column":19},"end":{"line":67,"column":3}},"24":{"start":{"line":66,"column":4},"end":{"line":66,"column":20}},"25":{"start":{"line":70,"column":24},"end":{"line":72,"column":3}},"26":{"start":{"line":71,"column":4},"end":{"line":71,"column":22}},"27":{"start":{"line":74,"column":2},"end":{"line":94,"column":3}},"28":{"start":{"line":83,"column":10},"end":{"line":87,"column":13}},"29":{"start":{"line":85,"column":133},"end":{"line":85,"column":148}}},"fnMap":{"0":{"name":"(anonymous_0)","decl":{"start":{"line":5,"column":19},"end":{"line":5,"column":20}},"loc":{"start":{"line":5,"column":55},"end":{"line":95,"column":1}},"line":5},"1":{"name":"(anonymous_1)","decl":{"start":{"line":16,"column":13},"end":{"line":16,"column":14}},"loc":{"start":{"line":16,"column":19},"end":{"line":20,"column":3}},"line":16},"2":{"name":"(anonymous_2)","decl":{"start":{"line":23,"column":19},"end":{"line":23,"column":20}},"loc":{"start":{"line":23,"column":26},"end":{"line":32,"column":3}},"line":23},"3":{"name":"(anonymous_3)","decl":{"start":{"line":26,"column":12},"end":{"line":26,"column":13}},"loc":{"start":{"line":26,"column":24},"end":{"line":29,"column":5}},"line":26},"4":{"name":"(anonymous_4)","decl":{"start":{"line":29,"column":13},"end":{"line":29,"column":14}},"loc":{"start":{"line":29,"column":20},"end":{"line":31,"column":5}},"line":29},"5":{"name":"(anonymous_5)","decl":{"start":{"line":35,"column":22},"end":{"line":35,"column":23}},"loc":{"start":{"line":35,"column":29},"end":{"line":56,"column":3}},"line":35},"6":{"name":"(anonymous_6)","decl":{"start":{"line":39,"column":14},"end":{"line":39,"column":15}},"loc":{"start":{"line":39,"column":23},"end":{"line":50,"column":7}},"line":39},"7":{"name":"(anonymous_7)","decl":{"start":{"line":45,"column":16},"end":{"line":45,"column":17}},"loc":{"start":{"line":45,"column":28},"end":{"line":47,"column":9}},"line":45},"8":{"name":"(anonymous_8)","decl":{"start":{"line":47,"column":17},"end":{"line":47,"column":18}},"loc":{"start":{"line":47,"column":24},"end":{"line":49,"column":9}},"line":47},"9":{"name":"(anonymous_9)","decl":{"start":{"line":50,"column":15},"end":{"line":50,"column":16}},"loc":{"start":{"line":50,"column":22},"end":{"line":52,"column":7}},"line":50},"10":{"name":"(anonymous_10)","decl":{"start":{"line":59,"column":19},"end":{"line":59,"column":20}},"loc":{"start":{"line":59,"column":30},"end":{"line":62,"column":3}},"line":59},"11":{"name":"(anonymous_11)","decl":{"start":{"line":65,"column":19},"end":{"line":65,"column":20}},"loc":{"start":{"line":65,"column":25},"end":{"line":67,"column":3}},"line":65},"12":{"name":"(anonymous_12)","decl":{"start":{"line":70,"column":24},"end":{"line":70,"column":25}},"loc":{"start":{"line":70,"column":30},"end":{"line":72,"column":3}},"line":70},"13":{"name":"(anonymous_13)","decl":{"start":{"line":82,"column":25},"end":{"line":82,"column":26}},"loc":{"start":{"line":82,"column":34},"end":{"line":88,"column":9}},"line":82},"14":{"name":"(anonymous_14)","decl":{"start":{"line":85,"column":126},"end":{"line":85,"column":127}},"loc":{"start":{"line":85,"column":132},"end":{"line":85,"column":149}},"line":85}},"branchMap":{"0":{"loc":{"start":{"line":17,"column":4},"end":{"line":19,"column":5}},"type":"if","locations":[{"start":{"line":17,"column":4},"end":{"line":19,"column":5}},{"start":{},"end":{}}],"line":17},"1":{"loc":{"start":{"line":36,"column":4},"end":{"line":55,"column":5}},"type":"if","locations":[{"start":{"line":36,"column":4},"end":{"line":55,"column":5}},{"start":{"line":53,"column":11},"end":{"line":55,"column":5}}],"line":36},"2":{"loc":{"start":{"line":78,"column":7},"end":{"line":79,"column":122}},"type":"cond-expr","locations":[{"start":{"line":78,"column":19},"end":{"line":78,"column":37}},{"start":{"line":78,"column":40},"end":{"line":79,"column":122}}],"line":78},"3":{"loc":{"start":{"line":80,"column":12},"end":{"line":80,"column":115}},"type":"cond-expr","locations":[{"start":{"line":80,"column":29},"end":{"line":80,"column":109}},{"start":{"line":80,"column":111},"end":{"line":80,"column":115}}],"line":80},"4":{"loc":{"start":{"line":81,"column":7},"end":{"line":89,"column":18}},"type":"cond-expr","locations":[{"start":{"line":81,"column":32},"end":{"line":89,"column":12}},{"start":{"line":89,"column":14},"end":{"line":89,"column":18}}],"line":81},"5":{"loc":{"start":{"line":91,"column":80},"end":{"line":91,"column":256}},"type":"cond-expr","locations":[{"start":{"line":91,"column":94},"end":{"line":91,"column":212}},{"start":{"line":91,"column":215},"end":{"line":91,"column":256}}],"line":91}},"s":{"0":1,"1":12,"2":12,"3":12,"4":12,"5":12,"6":4,"7":1,"8":12,"9":0,"10":0,"11":0,"12":0,"13":12,"14":0,"15":0,"16":0,"17":0,"18":0,"19":0,"20":0,"21":12,"22":0,"23":12,"24":0,"25":12,"26":0,"27":12,"28":22,"29":0},"f":{"0":12,"1":4,"2":0,"3":0,"4":0,"5":0,"6":0,"7":0,"8":0,"9":0,"10":0,"11":0,"12":0,"13":22,"14":0},"b":{"0":[1,3],"1":[0,0],"2":[9,3],"3":[8,4],"4":[6,6],"5":[12,0]},"_coverageSchema":"1a1c01bbd47fc00a2c39e90264f33305004495a9","hash":"d90d0c44393b4cc20f83e4cf9ff4e4cfc0ba74c2"}
,"/Users/banzubie/RFE2207/fec/client/src/Reviews/Reviews.jsx": {"path":"/Users/banzubie/RFE2207/fec/client/src/Reviews/Reviews.jsx","statementMap":{"0":{"start":{"line":9,"column":16},"end":{"line":55,"column":1}},"1":{"start":{"line":11,"column":36},"end":{"line":11,"column":47}},"2":{"start":{"line":13,"column":26},"end":{"line":13,"column":38}},"3":{"start":{"line":15,"column":40},"end":{"line":15,"column":52}},"4":{"start":{"line":17,"column":36},"end":{"line":17,"column":81}},"5":{"start":{"line":19,"column":40},"end":{"line":19,"column":55}},"6":{"start":{"line":21,"column":34},"end":{"line":21,"column":45}},"7":{"start":{"line":23,"column":27},"end":{"line":25,"column":3}},"8":{"start":{"line":24,"column":4},"end":{"line":24,"column":25}},"9":{"start":{"line":28,"column":26},"end":{"line":44,"column":3}},"10":{"start":{"line":29,"column":14},"end":{"line":29,"column":52}},"11":{"start":{"line":30,"column":15},"end":{"line":30,"column":32}},"12":{"start":{"line":31,"column":4},"end":{"line":43,"column":5}},"13":{"start":{"line":32,"column":6},"end":{"line":32,"column":26}},"14":{"start":{"line":33,"column":6},"end":{"line":33,"column":25}},"15":{"start":{"line":34,"column":6},"end":{"line":36,"column":10}},"16":{"start":{"line":35,"column":8},"end":{"line":35,"column":34}},"17":{"start":{"line":38,"column":6},"end":{"line":38,"column":27}},"18":{"start":{"line":39,"column":6},"end":{"line":39,"column":25}},"19":{"start":{"line":40,"column":6},"end":{"line":42,"column":9}},"20":{"start":{"line":41,"column":8},"end":{"line":41,"column":34}},"21":{"start":{"line":46,"column":2},"end":{"line":54,"column":3}}},"fnMap":{"0":{"name":"(anonymous_0)","decl":{"start":{"line":9,"column":16},"end":{"line":9,"column":17}},"loc":{"start":{"line":9,"column":57},"end":{"line":55,"column":1}},"line":9},"1":{"name":"(anonymous_1)","decl":{"start":{"line":23,"column":27},"end":{"line":23,"column":28}},"loc":{"start":{"line":23,"column":33},"end":{"line":25,"column":3}},"line":23},"2":{"name":"(anonymous_2)","decl":{"start":{"line":28,"column":26},"end":{"line":28,"column":27}},"loc":{"start":{"line":28,"column":33},"end":{"line":44,"column":3}},"line":28},"3":{"name":"(anonymous_3)","decl":{"start":{"line":34,"column":45},"end":{"line":34,"column":46}},"loc":{"start":{"line":34,"column":55},"end":{"line":36,"column":7}},"line":34},"4":{"name":"(anonymous_4)","decl":{"start":{"line":40,"column":26},"end":{"line":40,"column":27}},"loc":{"start":{"line":40,"column":36},"end":{"line":42,"column":7}},"line":40}},"branchMap":{"0":{"loc":{"start":{"line":31,"column":4},"end":{"line":43,"column":5}},"type":"if","locations":[{"start":{"line":31,"column":4},"end":{"line":43,"column":5}},{"start":{"line":37,"column":11},"end":{"line":43,"column":5}}],"line":31},"1":{"loc":{"start":{"line":51,"column":5},"end":{"line":51,"column":139}},"type":"cond-expr","locations":[{"start":{"line":51,"column":19},"end":{"line":51,"column":132}},{"start":{"line":51,"column":135},"end":{"line":51,"column":139}}],"line":51}},"s":{"0":1,"1":4,"2":4,"3":4,"4":4,"5":4,"6":4,"7":4,"8":1,"9":4,"10":0,"11":0,"12":0,"13":0,"14":0,"15":0,"16":0,"17":0,"18":0,"19":0,"20":0,"21":4},"f":{"0":4,"1":1,"2":0,"3":0,"4":0},"b":{"0":[0,0],"1":[1,3]},"_coverageSchema":"1a1c01bbd47fc00a2c39e90264f33305004495a9","hash":"cd229ef9b6ec7954bb864f85a136adc5a22d5827"}
,"/Users/banzubie/RFE2207/fec/client/src/Shared/StarScale.jsx": {"path":"/Users/banzubie/RFE2207/fec/client/src/Shared/StarScale.jsx","statementMap":{"0":{"start":{"line":4,"column":18},"end":{"line":53,"column":1}},"1":{"start":{"line":6,"column":15},"end":{"line":16,"column":3}},"2":{"start":{"line":18,"column":20},"end":{"line":28,"column":3}},"3":{"start":{"line":30,"column":20},"end":{"line":34,"column":3}},"4":{"start":{"line":35,"column":2},"end":{"line":52,"column":3}}},"fnMap":{"0":{"name":"(anonymous_0)","decl":{"start":{"line":4,"column":18},"end":{"line":4,"column":19}},"loc":{"start":{"line":4,"column":27},"end":{"line":53,"column":1}},"line":4}},"branchMap":{},"s":{"0":1,"1":14,"2":14,"3":14,"4":14},"f":{"0":14},"b":{},"_coverageSchema":"1a1c01bbd47fc00a2c39e90264f33305004495a9","hash":"907b570bae005d79acccd88a34b6f9f95fa2c6db"}
}
