{"/Users/banzubie/RFE2207/fec/client/src/QA/AddAnswer.jsx": {"path":"/Users/banzubie/RFE2207/fec/client/src/QA/AddAnswer.jsx","statementMap":{"0":{"start":{"line":4,"column":18},"end":{"line":35,"column":1}},"1":{"start":{"line":5,"column":2},"end":{"line":34,"column":19}},"2":{"start":{"line":6,"column":4},"end":{"line":6,"column":23}},"3":{"start":{"line":8,"column":4},"end":{"line":33,"column":9}},"4":{"start":{"line":17,"column":8},"end":{"line":29,"column":12}},"5":{"start":{"line":25,"column":12},"end":{"line":25,"column":52}},"6":{"start":{"line":28,"column":12},"end":{"line":28,"column":29}},"7":{"start":{"line":32,"column":8},"end":{"line":32,"column":25}}},"fnMap":{"0":{"name":"(anonymous_0)","decl":{"start":{"line":4,"column":18},"end":{"line":4,"column":19}},"loc":{"start":{"line":5,"column":2},"end":{"line":34,"column":19}},"line":5},"1":{"name":"(anonymous_1)","decl":{"start":{"line":5,"column":23},"end":{"line":5,"column":24}},"loc":{"start":{"line":5,"column":30},"end":{"line":34,"column":3}},"line":5},"2":{"name":"(anonymous_2)","decl":{"start":{"line":16,"column":12},"end":{"line":16,"column":13}},"loc":{"start":{"line":16,"column":18},"end":{"line":30,"column":7}},"line":16},"3":{"name":"(anonymous_3)","decl":{"start":{"line":23,"column":16},"end":{"line":23,"column":17}},"loc":{"start":{"line":23,"column":30},"end":{"line":26,"column":11}},"line":23},"4":{"name":"(anonymous_4)","decl":{"start":{"line":27,"column":17},"end":{"line":27,"column":18}},"loc":{"start":{"line":27,"column":26},"end":{"line":29,"column":11}},"line":27},"5":{"name":"(anonymous_5)","decl":{"start":{"line":31,"column":13},"end":{"line":31,"column":14}},"loc":{"start":{"line":31,"column":22},"end":{"line":33,"column":7}},"line":31}},"branchMap":{},"s":{"0":1,"1":0,"2":0,"3":0,"4":0,"5":0,"6":0,"7":0},"f":{"0":0,"1":0,"2":0,"3":0,"4":0,"5":0},"b":{},"_coverageSchema":"1a1c01bbd47fc00a2c39e90264f33305004495a9","hash":"d68d171d12d271907dc47b17f265bd8ccd72d547"}
,"/Users/banzubie/RFE2207/fec/client/src/QA/AddQuestion.jsx": {"path":"/Users/banzubie/RFE2207/fec/client/src/QA/AddQuestion.jsx","statementMap":{"0":{"start":{"line":4,"column":20},"end":{"line":46,"column":1}},"1":{"start":{"line":6,"column":26},"end":{"line":6,"column":38}},"2":{"start":{"line":7,"column":26},"end":{"line":7,"column":38}},"3":{"start":{"line":8,"column":28},"end":{"line":8,"column":40}},"4":{"start":{"line":10,"column":2},"end":{"line":44,"column":3}},"5":{"start":{"line":15,"column":8},"end":{"line":40,"column":13}},"6":{"start":{"line":24,"column":12},"end":{"line":36,"column":16}},"7":{"start":{"line":32,"column":16},"end":{"line":32,"column":58}},"8":{"start":{"line":35,"column":16},"end":{"line":35,"column":33}},"9":{"start":{"line":39,"column":12},"end":{"line":39,"column":29}}},"fnMap":{"0":{"name":"(anonymous_0)","decl":{"start":{"line":4,"column":20},"end":{"line":4,"column":21}},"loc":{"start":{"line":4,"column":31},"end":{"line":46,"column":1}},"line":4},"1":{"name":"(anonymous_1)","decl":{"start":{"line":12,"column":23},"end":{"line":12,"column":24}},"loc":{"start":{"line":12,"column":29},"end":{"line":42,"column":7}},"line":12},"2":{"name":"(anonymous_2)","decl":{"start":{"line":23,"column":16},"end":{"line":23,"column":17}},"loc":{"start":{"line":23,"column":22},"end":{"line":37,"column":11}},"line":23},"3":{"name":"(anonymous_3)","decl":{"start":{"line":30,"column":20},"end":{"line":30,"column":21}},"loc":{"start":{"line":30,"column":34},"end":{"line":33,"column":15}},"line":30},"4":{"name":"(anonymous_4)","decl":{"start":{"line":34,"column":21},"end":{"line":34,"column":22}},"loc":{"start":{"line":34,"column":30},"end":{"line":36,"column":15}},"line":34},"5":{"name":"(anonymous_5)","decl":{"start":{"line":38,"column":17},"end":{"line":38,"column":18}},"loc":{"start":{"line":38,"column":26},"end":{"line":40,"column":11}},"line":38}},"branchMap":{},"s":{"0":1,"1":1,"2":1,"3":1,"4":1,"5":0,"6":0,"7":0,"8":0,"9":0},"f":{"0":1,"1":0,"2":0,"3":0,"4":0,"5":0},"b":{},"_coverageSchema":"1a1c01bbd47fc00a2c39e90264f33305004495a9","hash":"76b8d4e8698b79ceb42527bd60bea8fc6729da97"}
,"/Users/banzubie/RFE2207/fec/client/src/QA/Answer.jsx": {"path":"/Users/banzubie/RFE2207/fec/client/src/QA/Answer.jsx","statementMap":{"0":{"start":{"line":3,"column":15},"end":{"line":14,"column":1}},"1":{"start":{"line":4,"column":2},"end":{"line":13,"column":5}},"2":{"start":{"line":7,"column":6},"end":{"line":7,"column":25}},"3":{"start":{"line":8,"column":6},"end":{"line":8,"column":37}},"4":{"start":{"line":10,"column":6},"end":{"line":10,"column":25}},"5":{"start":{"line":11,"column":6},"end":{"line":11,"column":36}}},"fnMap":{"0":{"name":"(anonymous_0)","decl":{"start":{"line":3,"column":15},"end":{"line":3,"column":16}},"loc":{"start":{"line":4,"column":2},"end":{"line":13,"column":5}},"line":4},"1":{"name":"(anonymous_1)","decl":{"start":{"line":6,"column":171},"end":{"line":6,"column":172}},"loc":{"start":{"line":6,"column":178},"end":{"line":9,"column":5}},"line":6},"2":{"name":"(anonymous_2)","decl":{"start":{"line":9,"column":72},"end":{"line":9,"column":73}},"loc":{"start":{"line":9,"column":79},"end":{"line":12,"column":5}},"line":9}},"branchMap":{},"s":{"0":1,"1":0,"2":0,"3":0,"4":0,"5":0},"f":{"0":0,"1":0,"2":0},"b":{},"_coverageSchema":"1a1c01bbd47fc00a2c39e90264f33305004495a9","hash":"291c641429f2d38f6b9b9cab0499c33481a03ef6"}
,"/Users/banzubie/RFE2207/fec/client/src/QA/AnswerList.jsx": {"path":"/Users/banzubie/RFE2207/fec/client/src/QA/AnswerList.jsx","statementMap":{"0":{"start":{"line":4,"column":19},"end":{"line":33,"column":1}},"1":{"start":{"line":7,"column":24},"end":{"line":7,"column":26}},"2":{"start":{"line":8,"column":2},"end":{"line":17,"column":3}},"3":{"start":{"line":9,"column":4},"end":{"line":9,"column":36}},"4":{"start":{"line":11,"column":4},"end":{"line":13,"column":5}},"5":{"start":{"line":12,"column":6},"end":{"line":12,"column":45}},"6":{"start":{"line":14,"column":4},"end":{"line":16,"column":5}},"7":{"start":{"line":15,"column":6},"end":{"line":15,"column":45}},"8":{"start":{"line":19,"column":2},"end":{"line":32,"column":3}},"9":{"start":{"line":24,"column":12},"end":{"line":26,"column":18}}},"fnMap":{"0":{"name":"(anonymous_0)","decl":{"start":{"line":4,"column":19},"end":{"line":4,"column":20}},"loc":{"start":{"line":4,"column":30},"end":{"line":33,"column":1}},"line":4},"1":{"name":"(anonymous_1)","decl":{"start":{"line":23,"column":34},"end":{"line":23,"column":35}},"loc":{"start":{"line":24,"column":12},"end":{"line":26,"column":18}},"line":24}},"branchMap":{"0":{"loc":{"start":{"line":8,"column":2},"end":{"line":17,"column":3}},"type":"if","locations":[{"start":{"line":8,"column":2},"end":{"line":17,"column":3}},{"start":{"line":10,"column":9},"end":{"line":17,"column":3}}],"line":8},"1":{"loc":{"start":{"line":11,"column":4},"end":{"line":13,"column":5}},"type":"if","locations":[{"start":{"line":11,"column":4},"end":{"line":13,"column":5}},{"start":{},"end":{}}],"line":11},"2":{"loc":{"start":{"line":14,"column":4},"end":{"line":16,"column":5}},"type":"if","locations":[{"start":{"line":14,"column":4},"end":{"line":16,"column":5}},{"start":{},"end":{}}],"line":14},"3":{"loc":{"start":{"line":21,"column":7},"end":{"line":29,"column":13}},"type":"cond-expr","locations":[{"start":{"line":22,"column":8},"end":{"line":28,"column":14}},{"start":{"line":29,"column":8},"end":{"line":29,"column":13}}],"line":21}},"s":{"0":1,"1":0,"2":0,"3":0,"4":0,"5":0,"6":0,"7":0,"8":0,"9":0},"f":{"0":0,"1":0},"b":{"0":[0,0],"1":[0,0],"2":[0,0],"3":[0,0]},"_coverageSchema":"1a1c01bbd47fc00a2c39e90264f33305004495a9","hash":"7f589a1308ea6b55e2b2575ddc5807cfbe437614"}
,"/Users/banzubie/RFE2207/fec/client/src/QA/MoreAnswers.jsx": {"path":"/Users/banzubie/RFE2207/fec/client/src/QA/MoreAnswers.jsx","statementMap":{"0":{"start":{"line":3,"column":20},"end":{"line":8,"column":1}},"1":{"start":{"line":4,"column":2},"end":{"line":7,"column":71}},"2":{"start":{"line":5,"column":4},"end":{"line":5,"column":23}},"3":{"start":{"line":6,"column":4},"end":{"line":6,"column":45}}},"fnMap":{"0":{"name":"(anonymous_0)","decl":{"start":{"line":3,"column":20},"end":{"line":3,"column":21}},"loc":{"start":{"line":4,"column":2},"end":{"line":7,"column":71}},"line":4},"1":{"name":"(anonymous_1)","decl":{"start":{"line":4,"column":23},"end":{"line":4,"column":24}},"loc":{"start":{"line":4,"column":30},"end":{"line":7,"column":3}},"line":4}},"branchMap":{"0":{"loc":{"start":{"line":7,"column":6},"end":{"line":7,"column":66}},"type":"cond-expr","locations":[{"start":{"line":7,"column":27},"end":{"line":7,"column":45}},{"start":{"line":7,"column":48},"end":{"line":7,"column":66}}],"line":7}},"s":{"0":1,"1":0,"2":0,"3":0},"f":{"0":0,"1":0},"b":{"0":[0,0]},"_coverageSchema":"1a1c01bbd47fc00a2c39e90264f33305004495a9","hash":"607393b108483aca1f506750a22c03ba6a5b0b3a"}
,"/Users/banzubie/RFE2207/fec/client/src/QA/MoreQuestions.jsx": {"path":"/Users/banzubie/RFE2207/fec/client/src/QA/MoreQuestions.jsx","statementMap":{"0":{"start":{"line":3,"column":22},"end":{"line":7,"column":1}},"1":{"start":{"line":4,"column":2},"end":{"line":6,"column":37}},"2":{"start":{"line":5,"column":4},"end":{"line":5,"column":52}}},"fnMap":{"0":{"name":"(anonymous_0)","decl":{"start":{"line":3,"column":22},"end":{"line":3,"column":23}},"loc":{"start":{"line":4,"column":2},"end":{"line":6,"column":37}},"line":4},"1":{"name":"(anonymous_1)","decl":{"start":{"line":4,"column":19},"end":{"line":4,"column":20}},"loc":{"start":{"line":4,"column":25},"end":{"line":6,"column":3}},"line":4}},"branchMap":{},"s":{"0":1,"1":0,"2":0},"f":{"0":0,"1":0},"b":{},"_coverageSchema":"1a1c01bbd47fc00a2c39e90264f33305004495a9","hash":"e332cb52bca7129ad3ad25a26f4f7b00415eaf4e"}
,"/Users/banzubie/RFE2207/fec/client/src/QA/QA.jsx": {"path":"/Users/banzubie/RFE2207/fec/client/src/QA/QA.jsx","statementMap":{"0":{"start":{"line":8,"column":11},"end":{"line":46,"column":1}},"1":{"start":{"line":10,"column":36},"end":{"line":10,"column":48}},"2":{"start":{"line":11,"column":30},"end":{"line":11,"column":42}},"3":{"start":{"line":12,"column":44},"end":{"line":12,"column":55}},"4":{"start":{"line":14,"column":19},"end":{"line":14,"column":24}},"5":{"start":{"line":16,"column":2},"end":{"line":30,"column":22}},"6":{"start":{"line":17,"column":4},"end":{"line":29,"column":8}},"7":{"start":{"line":25,"column":8},"end":{"line":25,"column":44}},"8":{"start":{"line":28,"column":8},"end":{"line":28,"column":25}},"9":{"start":{"line":32,"column":2},"end":{"line":44,"column":3}}},"fnMap":{"0":{"name":"(anonymous_0)","decl":{"start":{"line":8,"column":11},"end":{"line":8,"column":12}},"loc":{"start":{"line":8,"column":17},"end":{"line":46,"column":1}},"line":8},"1":{"name":"(anonymous_1)","decl":{"start":{"line":16,"column":12},"end":{"line":16,"column":13}},"loc":{"start":{"line":16,"column":18},"end":{"line":30,"column":3}},"line":16},"2":{"name":"(anonymous_2)","decl":{"start":{"line":23,"column":12},"end":{"line":23,"column":13}},"loc":{"start":{"line":23,"column":26},"end":{"line":26,"column":7}},"line":23},"3":{"name":"(anonymous_3)","decl":{"start":{"line":27,"column":13},"end":{"line":27,"column":14}},"loc":{"start":{"line":27,"column":22},"end":{"line":29,"column":7}},"line":27}},"branchMap":{"0":{"loc":{"start":{"line":35,"column":7},"end":{"line":37,"column":55}},"type":"cond-expr","locations":[{"start":{"line":36,"column":8},"end":{"line":36,"column":13}},{"start":{"line":37,"column":8},"end":{"line":37,"column":55}}],"line":35},"1":{"loc":{"start":{"line":39,"column":7},"end":{"line":41,"column":89}},"type":"cond-expr","locations":[{"start":{"line":40,"column":8},"end":{"line":40,"column":13}},{"start":{"line":41,"column":7},"end":{"line":41,"column":89}}],"line":39}},"s":{"0":1,"1":1,"2":1,"3":1,"4":1,"5":1,"6":1,"7":0,"8":0,"9":1},"f":{"0":1,"1":1,"2":0,"3":0},"b":{"0":[1,0],"1":[1,0]},"_coverageSchema":"1a1c01bbd47fc00a2c39e90264f33305004495a9","hash":"1cc6d11d827de7bfd750302d5f50645644f6374e"}
,"/Users/banzubie/RFE2207/fec/client/src/QA/Question.jsx": {"path":"/Users/banzubie/RFE2207/fec/client/src/QA/Question.jsx","statementMap":{"0":{"start":{"line":7,"column":17},"end":{"line":31,"column":1}},"1":{"start":{"line":9,"column":32},"end":{"line":9,"column":44}},"2":{"start":{"line":10,"column":40},"end":{"line":10,"column":55}},"3":{"start":{"line":12,"column":2},"end":{"line":14,"column":23}},"4":{"start":{"line":13,"column":4},"end":{"line":13,"column":54}},"5":{"start":{"line":16,"column":2},"end":{"line":30,"column":3}},"6":{"start":{"line":19,"column":8},"end":{"line":19,"column":27}},"7":{"start":{"line":20,"column":8},"end":{"line":20,"column":41}},"8":{"start":{"line":22,"column":8},"end":{"line":22,"column":27}},"9":{"start":{"line":23,"column":8},"end":{"line":23,"column":40}}},"fnMap":{"0":{"name":"(anonymous_0)","decl":{"start":{"line":7,"column":17},"end":{"line":7,"column":18}},"loc":{"start":{"line":7,"column":28},"end":{"line":31,"column":1}},"line":7},"1":{"name":"(anonymous_1)","decl":{"start":{"line":12,"column":12},"end":{"line":12,"column":13}},"loc":{"start":{"line":12,"column":18},"end":{"line":14,"column":3}},"line":12},"2":{"name":"(anonymous_2)","decl":{"start":{"line":18,"column":62},"end":{"line":18,"column":63}},"loc":{"start":{"line":18,"column":69},"end":{"line":21,"column":7}},"line":18},"3":{"name":"(anonymous_3)","decl":{"start":{"line":21,"column":201},"end":{"line":21,"column":202}},"loc":{"start":{"line":21,"column":208},"end":{"line":24,"column":7}},"line":21}},"branchMap":{"0":{"loc":{"start":{"line":26,"column":7},"end":{"line":28,"column":13}},"type":"cond-expr","locations":[{"start":{"line":27,"column":8},"end":{"line":27,"column":80}},{"start":{"line":28,"column":8},"end":{"line":28,"column":13}}],"line":26}},"s":{"0":1,"1":0,"2":0,"3":0,"4":0,"5":0,"6":0,"7":0,"8":0,"9":0},"f":{"0":0,"1":0,"2":0,"3":0},"b":{"0":[0,0]},"_coverageSchema":"1a1c01bbd47fc00a2c39e90264f33305004495a9","hash":"b5ce255159210c08e16a61ec86e8b8f8c4054dab"}
,"/Users/banzubie/RFE2207/fec/client/src/QA/QuestionList.jsx": {"path":"/Users/banzubie/RFE2207/fec/client/src/QA/QuestionList.jsx","statementMap":{"0":{"start":{"line":4,"column":21},"end":{"line":41,"column":1}},"1":{"start":{"line":6,"column":26},"end":{"line":6,"column":28}},"2":{"start":{"line":7,"column":2},"end":{"line":21,"column":3}},"3":{"start":{"line":8,"column":12},"end":{"line":8,"column":13}},"4":{"start":{"line":9,"column":12},"end":{"line":9,"column":13}},"5":{"start":{"line":10,"column":4},"end":{"line":16,"column":5}},"6":{"start":{"line":11,"column":6},"end":{"line":14,"column":7}},"7":{"start":{"line":12,"column":8},"end":{"line":12,"column":12}},"8":{"start":{"line":13,"column":8},"end":{"line":13,"column":51}},"9":{"start":{"line":15,"column":6},"end":{"line":15,"column":10}},"10":{"start":{"line":18,"column":4},"end":{"line":20,"column":5}},"11":{"start":{"line":18,"column":17},"end":{"line":18,"column":18}},"12":{"start":{"line":19,"column":6},"end":{"line":19,"column":49}},"13":{"start":{"line":23,"column":2},"end":{"line":40,"column":3}},"14":{"start":{"line":29,"column":12},"end":{"line":29,"column":89}},"15":{"start":{"line":32,"column":12},"end":{"line":32,"column":55}},"16":{"start":{"line":36,"column":10},"end":{"line":36,"column":53}}},"fnMap":{"0":{"name":"(anonymous_0)","decl":{"start":{"line":4,"column":21},"end":{"line":4,"column":22}},"loc":{"start":{"line":4,"column":32},"end":{"line":41,"column":1}},"line":4},"1":{"name":"(anonymous_1)","decl":{"start":{"line":28,"column":31},"end":{"line":28,"column":32}},"loc":{"start":{"line":29,"column":12},"end":{"line":29,"column":89}},"line":29},"2":{"name":"(anonymous_2)","decl":{"start":{"line":31,"column":34},"end":{"line":31,"column":35}},"loc":{"start":{"line":32,"column":12},"end":{"line":32,"column":55}},"line":32},"3":{"name":"(anonymous_3)","decl":{"start":{"line":35,"column":32},"end":{"line":35,"column":33}},"loc":{"start":{"line":36,"column":10},"end":{"line":36,"column":53}},"line":36}},"branchMap":{"0":{"loc":{"start":{"line":7,"column":2},"end":{"line":21,"column":3}},"type":"if","locations":[{"start":{"line":7,"column":2},"end":{"line":21,"column":3}},{"start":{"line":17,"column":9},"end":{"line":21,"column":3}}],"line":7},"1":{"loc":{"start":{"line":10,"column":11},"end":{"line":10,"column":64}},"type":"binary-expr","locations":[{"start":{"line":10,"column":11},"end":{"line":10,"column":34}},{"start":{"line":10,"column":38},"end":{"line":10,"column":64}}],"line":10},"2":{"loc":{"start":{"line":11,"column":6},"end":{"line":14,"column":7}},"type":"if","locations":[{"start":{"line":11,"column":6},"end":{"line":14,"column":7}},{"start":{},"end":{}}],"line":11},"3":{"loc":{"start":{"line":25,"column":7},"end":{"line":37,"column":10}},"type":"cond-expr","locations":[{"start":{"line":26,"column":8},"end":{"line":26,"column":52}},{"start":{"line":27,"column":8},"end":{"line":37,"column":10}}],"line":25},"4":{"loc":{"start":{"line":27,"column":8},"end":{"line":37,"column":10}},"type":"cond-expr","locations":[{"start":{"line":28,"column":10},"end":{"line":34,"column":42}},{"start":{"line":35,"column":10},"end":{"line":37,"column":10}}],"line":27},"5":{"loc":{"start":{"line":28,"column":10},"end":{"line":34,"column":42}},"type":"cond-expr","locations":[{"start":{"line":31,"column":12},"end":{"line":33,"column":12}},{"start":{"line":34,"column":12},"end":{"line":34,"column":42}}],"line":28}},"s":{"0":1,"1":1,"2":1,"3":0,"4":0,"5":0,"6":0,"7":0,"8":0,"9":0,"10":1,"11":1,"12":4,"13":1,"14":0,"15":0,"16":0},"f":{"0":1,"1":0,"2":0,"3":0},"b":{"0":[0,1],"1":[0,0],"2":[0,0],"3":[1,0],"4":[0,0],"5":[0,0]},"_coverageSchema":"1a1c01bbd47fc00a2c39e90264f33305004495a9","hash":"c7a0dec6566aa2873349f5ecb0d43c056b07f18d"}
,"/Users/banzubie/RFE2207/fec/client/src/QA/Search.jsx": {"path":"/Users/banzubie/RFE2207/fec/client/src/QA/Search.jsx","statementMap":{"0":{"start":{"line":3,"column":15},"end":{"line":9,"column":1}},"1":{"start":{"line":4,"column":2},"end":{"line":8,"column":8}},"2":{"start":{"line":6,"column":6},"end":{"line":6,"column":38}}},"fnMap":{"0":{"name":"(anonymous_0)","decl":{"start":{"line":3,"column":15},"end":{"line":3,"column":16}},"loc":{"start":{"line":4,"column":2},"end":{"line":8,"column":8}},"line":4},"1":{"name":"(anonymous_1)","decl":{"start":{"line":5,"column":84},"end":{"line":5,"column":85}},"loc":{"start":{"line":5,"column":91},"end":{"line":7,"column":5}},"line":5}},"branchMap":{},"s":{"0":1,"1":0,"2":0},"f":{"0":0,"1":0},"b":{},"_coverageSchema":"1a1c01bbd47fc00a2c39e90264f33305004495a9","hash":"fc24bcd1fe7d76cae915b039482180b70e7a7972"}
,"/Users/banzubie/RFE2207/fec/client/src/Reviews/ReviewForm.jsx": {"path":"/Users/banzubie/RFE2207/fec/client/src/Reviews/ReviewForm.jsx","statementMap":{"0":{"start":{"line":4,"column":19},"end":{"line":8,"column":1}},"1":{"start":{"line":5,"column":2},"end":{"line":7,"column":3}}},"fnMap":{"0":{"name":"(anonymous_0)","decl":{"start":{"line":4,"column":19},"end":{"line":4,"column":20}},"loc":{"start":{"line":4,"column":25},"end":{"line":8,"column":1}},"line":4}},"branchMap":{},"s":{"0":1,"1":1},"f":{"0":1},"b":{},"_coverageSchema":"1a1c01bbd47fc00a2c39e90264f33305004495a9","hash":"5783c3de8a8c5538b2798c6e3f96a8e47ae8c4f1"}
,"/Users/banzubie/RFE2207/fec/client/src/Reviews/ReviewList.jsx": {"path":"/Users/banzubie/RFE2207/fec/client/src/Reviews/ReviewList.jsx","statementMap":{"0":{"start":{"line":6,"column":19},"end":{"line":53,"column":1}},"1":{"start":{"line":8,"column":28},"end":{"line":8,"column":39}},"2":{"start":{"line":9,"column":26},"end":{"line":9,"column":38}},"3":{"start":{"line":11,"column":2},"end":{"line":22,"column":13}},"4":{"start":{"line":12,"column":4},"end":{"line":21,"column":6}},"5":{"start":{"line":18,"column":6},"end":{"line":18,"column":37}},"6":{"start":{"line":20,"column":6},"end":{"line":20,"column":42}},"7":{"start":{"line":24,"column":22},"end":{"line":37,"column":3}},"8":{"start":{"line":26,"column":4},"end":{"line":36,"column":6}},"9":{"start":{"line":32,"column":6},"end":{"line":32,"column":25}},"10":{"start":{"line":33,"column":6},"end":{"line":33,"column":37}},"11":{"start":{"line":35,"column":6},"end":{"line":35,"column":31}},"12":{"start":{"line":38,"column":2},"end":{"line":52,"column":3}},"13":{"start":{"line":39,"column":4},"end":{"line":41,"column":5}},"14":{"start":{"line":43,"column":4},"end":{"line":51,"column":7}},"15":{"start":{"line":47,"column":10},"end":{"line":47,"column":112}}},"fnMap":{"0":{"name":"(anonymous_0)","decl":{"start":{"line":6,"column":19},"end":{"line":6,"column":20}},"loc":{"start":{"line":6,"column":44},"end":{"line":53,"column":1}},"line":6},"1":{"name":"(anonymous_1)","decl":{"start":{"line":11,"column":13},"end":{"line":11,"column":14}},"loc":{"start":{"line":11,"column":19},"end":{"line":22,"column":3}},"line":11},"2":{"name":"(anonymous_2)","decl":{"start":{"line":17,"column":12},"end":{"line":17,"column":13}},"loc":{"start":{"line":17,"column":24},"end":{"line":19,"column":5}},"line":17},"3":{"name":"(anonymous_3)","decl":{"start":{"line":19,"column":13},"end":{"line":19,"column":14}},"loc":{"start":{"line":19,"column":20},"end":{"line":21,"column":5}},"line":19},"4":{"name":"(anonymous_4)","decl":{"start":{"line":24,"column":22},"end":{"line":24,"column":23}},"loc":{"start":{"line":24,"column":28},"end":{"line":37,"column":3}},"line":24},"5":{"name":"(anonymous_5)","decl":{"start":{"line":31,"column":12},"end":{"line":31,"column":13}},"loc":{"start":{"line":31,"column":24},"end":{"line":34,"column":5}},"line":31},"6":{"name":"(anonymous_6)","decl":{"start":{"line":34,"column":13},"end":{"line":34,"column":14}},"loc":{"start":{"line":34,"column":20},"end":{"line":36,"column":5}},"line":34},"7":{"name":"(anonymous_7)","decl":{"start":{"line":46,"column":18},"end":{"line":46,"column":19}},"loc":{"start":{"line":46,"column":26},"end":{"line":48,"column":9}},"line":46}},"branchMap":{"0":{"loc":{"start":{"line":38,"column":2},"end":{"line":52,"column":3}},"type":"if","locations":[{"start":{"line":38,"column":2},"end":{"line":52,"column":3}},{"start":{"line":42,"column":9},"end":{"line":52,"column":3}}],"line":38}},"s":{"0":1,"1":3,"2":3,"3":3,"4":1,"5":1,"6":0,"7":3,"8":1,"9":1,"10":1,"11":0,"12":3,"13":1,"14":2,"15":6},"f":{"0":3,"1":1,"2":1,"3":0,"4":1,"5":1,"6":0,"7":6},"b":{"0":[1,2]},"_coverageSchema":"1a1c01bbd47fc00a2c39e90264f33305004495a9","hash":"eab6f0dca9976cc7c59bae2df1d47e5d496e5dbb"}
,"/Users/banzubie/RFE2207/fec/client/src/Reviews/ReviewMeta.jsx": {"path":"/Users/banzubie/RFE2207/fec/client/src/Reviews/ReviewMeta.jsx","statementMap":{"0":{"start":{"line":6,"column":19},"end":{"line":129,"column":1}},"1":{"start":{"line":8,"column":34},"end":{"line":8,"column":45}},"2":{"start":{"line":10,"column":2},"end":{"line":28,"column":13}},"3":{"start":{"line":11,"column":4},"end":{"line":27,"column":6}},"4":{"start":{"line":16,"column":6},"end":{"line":16,"column":33}},"5":{"start":{"line":17,"column":22},"end":{"line":17,"column":23}},"6":{"start":{"line":18,"column":21},"end":{"line":18,"column":22}},"7":{"start":{"line":19,"column":6},"end":{"line":22,"column":7}},"8":{"start":{"line":20,"column":8},"end":{"line":20,"column":72}},"9":{"start":{"line":21,"column":8},"end":{"line":21,"column":55}},"10":{"start":{"line":23,"column":6},"end":{"line":23,"column":55}},"11":{"start":{"line":24,"column":6},"end":{"line":24,"column":29}},"12":{"start":{"line":26,"column":6},"end":{"line":26,"column":42}},"13":{"start":{"line":30,"column":20},"end":{"line":32,"column":3}},"14":{"start":{"line":31,"column":4},"end":{"line":31,"column":121}},"15":{"start":{"line":34,"column":24},"end":{"line":45,"column":3}},"16":{"start":{"line":35,"column":4},"end":{"line":44,"column":5}},"17":{"start":{"line":47,"column":2},"end":{"line":128,"column":3}},"18":{"start":{"line":48,"column":4},"end":{"line":48,"column":60}},"19":{"start":{"line":50,"column":4},"end":{"line":127,"column":5}}},"fnMap":{"0":{"name":"(anonymous_0)","decl":{"start":{"line":6,"column":19},"end":{"line":6,"column":20}},"loc":{"start":{"line":6,"column":85},"end":{"line":129,"column":1}},"line":6},"1":{"name":"(anonymous_1)","decl":{"start":{"line":10,"column":13},"end":{"line":10,"column":14}},"loc":{"start":{"line":10,"column":19},"end":{"line":28,"column":3}},"line":10},"2":{"name":"(anonymous_2)","decl":{"start":{"line":15,"column":12},"end":{"line":15,"column":13}},"loc":{"start":{"line":15,"column":24},"end":{"line":25,"column":5}},"line":15},"3":{"name":"(anonymous_3)","decl":{"start":{"line":25,"column":13},"end":{"line":25,"column":14}},"loc":{"start":{"line":25,"column":20},"end":{"line":27,"column":5}},"line":25},"4":{"name":"(anonymous_4)","decl":{"start":{"line":30,"column":20},"end":{"line":30,"column":21}},"loc":{"start":{"line":30,"column":27},"end":{"line":32,"column":3}},"line":30},"5":{"name":"(anonymous_5)","decl":{"start":{"line":34,"column":24},"end":{"line":34,"column":25}},"loc":{"start":{"line":34,"column":31},"end":{"line":45,"column":3}},"line":34}},"branchMap":{"0":{"loc":{"start":{"line":47,"column":2},"end":{"line":128,"column":3}},"type":"if","locations":[{"start":{"line":47,"column":2},"end":{"line":128,"column":3}},{"start":{"line":49,"column":9},"end":{"line":128,"column":3}}],"line":47},"1":{"loc":{"start":{"line":90,"column":14},"end":{"line":97,"column":23}},"type":"cond-expr","locations":[{"start":{"line":90,"column":49},"end":{"line":97,"column":16}},{"start":{"line":97,"column":19},"end":{"line":97,"column":23}}],"line":90},"2":{"loc":{"start":{"line":99,"column":14},"end":{"line":106,"column":23}},"type":"cond-expr","locations":[{"start":{"line":99,"column":45},"end":{"line":106,"column":16}},{"start":{"line":106,"column":19},"end":{"line":106,"column":23}}],"line":99},"3":{"loc":{"start":{"line":108,"column":14},"end":{"line":115,"column":23}},"type":"cond-expr","locations":[{"start":{"line":108,"column":48},"end":{"line":115,"column":16}},{"start":{"line":115,"column":19},"end":{"line":115,"column":23}}],"line":108},"4":{"loc":{"start":{"line":117,"column":14},"end":{"line":124,"column":23}},"type":"cond-expr","locations":[{"start":{"line":117,"column":49},"end":{"line":124,"column":16}},{"start":{"line":124,"column":19},"end":{"line":124,"column":23}}],"line":117}},"s":{"0":1,"1":2,"2":2,"3":1,"4":1,"5":1,"6":1,"7":1,"8":5,"9":5,"10":1,"11":0,"12":1,"13":2,"14":5,"15":2,"16":4,"17":2,"18":1,"19":1},"f":{"0":2,"1":1,"2":1,"3":1,"4":5,"5":4},"b":{"0":[1,1],"1":[1,0],"2":[1,0],"3":[1,0],"4":[1,0]},"_coverageSchema":"1a1c01bbd47fc00a2c39e90264f33305004495a9","hash":"1fc1b62502103680ab989145d5dde647d20dbb0c"}
,"/Users/banzubie/RFE2207/fec/client/src/Reviews/ReviewTile.jsx": {"path":"/Users/banzubie/RFE2207/fec/client/src/Reviews/ReviewTile.jsx","statementMap":{"0":{"start":{"line":5,"column":19},"end":{"line":70,"column":1}},"1":{"start":{"line":6,"column":34},"end":{"line":6,"column":60}},"2":{"start":{"line":7,"column":32},"end":{"line":7,"column":47}},"3":{"start":{"line":9,"column":19},"end":{"line":17,"column":3}},"4":{"start":{"line":10,"column":4},"end":{"line":16,"column":6}},"5":{"start":{"line":13,"column":6},"end":{"line":13,"column":32}},"6":{"start":{"line":15,"column":6},"end":{"line":15,"column":37}},"7":{"start":{"line":19,"column":22},"end":{"line":36,"column":3}},"8":{"start":{"line":20,"column":4},"end":{"line":35,"column":6}},"9":{"start":{"line":23,"column":6},"end":{"line":32,"column":8}},"10":{"start":{"line":29,"column":8},"end":{"line":29,"column":39}},"11":{"start":{"line":31,"column":8},"end":{"line":31,"column":42}},"12":{"start":{"line":34,"column":6},"end":{"line":34,"column":40}},"13":{"start":{"line":38,"column":19},"end":{"line":40,"column":3}},"14":{"start":{"line":39,"column":4},"end":{"line":39,"column":20}},"15":{"start":{"line":42,"column":19},"end":{"line":44,"column":3}},"16":{"start":{"line":43,"column":4},"end":{"line":43,"column":21}},"17":{"start":{"line":46,"column":2},"end":{"line":69,"column":3}},"18":{"start":{"line":58,"column":10},"end":{"line":63,"column":11}}},"fnMap":{"0":{"name":"(anonymous_0)","decl":{"start":{"line":5,"column":19},"end":{"line":5,"column":20}},"loc":{"start":{"line":5,"column":55},"end":{"line":70,"column":1}},"line":5},"1":{"name":"(anonymous_1)","decl":{"start":{"line":9,"column":19},"end":{"line":9,"column":20}},"loc":{"start":{"line":9,"column":26},"end":{"line":17,"column":3}},"line":9},"2":{"name":"(anonymous_2)","decl":{"start":{"line":12,"column":12},"end":{"line":12,"column":13}},"loc":{"start":{"line":12,"column":24},"end":{"line":14,"column":5}},"line":12},"3":{"name":"(anonymous_3)","decl":{"start":{"line":14,"column":13},"end":{"line":14,"column":14}},"loc":{"start":{"line":14,"column":20},"end":{"line":16,"column":5}},"line":14},"4":{"name":"(anonymous_4)","decl":{"start":{"line":19,"column":22},"end":{"line":19,"column":23}},"loc":{"start":{"line":19,"column":29},"end":{"line":36,"column":3}},"line":19},"5":{"name":"(anonymous_5)","decl":{"start":{"line":22,"column":12},"end":{"line":22,"column":13}},"loc":{"start":{"line":22,"column":21},"end":{"line":33,"column":5}},"line":22},"6":{"name":"(anonymous_6)","decl":{"start":{"line":28,"column":14},"end":{"line":28,"column":15}},"loc":{"start":{"line":28,"column":26},"end":{"line":30,"column":7}},"line":28},"7":{"name":"(anonymous_7)","decl":{"start":{"line":30,"column":15},"end":{"line":30,"column":16}},"loc":{"start":{"line":30,"column":22},"end":{"line":32,"column":7}},"line":30},"8":{"name":"(anonymous_8)","decl":{"start":{"line":33,"column":13},"end":{"line":33,"column":14}},"loc":{"start":{"line":33,"column":20},"end":{"line":35,"column":5}},"line":33},"9":{"name":"(anonymous_9)","decl":{"start":{"line":38,"column":19},"end":{"line":38,"column":20}},"loc":{"start":{"line":38,"column":25},"end":{"line":40,"column":3}},"line":38},"10":{"name":"(anonymous_10)","decl":{"start":{"line":42,"column":19},"end":{"line":42,"column":20}},"loc":{"start":{"line":42,"column":25},"end":{"line":44,"column":3}},"line":42},"11":{"name":"(anonymous_11)","decl":{"start":{"line":57,"column":25},"end":{"line":57,"column":26}},"loc":{"start":{"line":57,"column":34},"end":{"line":64,"column":9}},"line":57}},"branchMap":{"0":{"loc":{"start":{"line":55,"column":12},"end":{"line":55,"column":72}},"type":"cond-expr","locations":[{"start":{"line":55,"column":29},"end":{"line":55,"column":66}},{"start":{"line":55,"column":68},"end":{"line":55,"column":72}}],"line":55},"1":{"loc":{"start":{"line":56,"column":7},"end":{"line":65,"column":18}},"type":"cond-expr","locations":[{"start":{"line":56,"column":32},"end":{"line":65,"column":12}},{"start":{"line":65,"column":14},"end":{"line":65,"column":18}}],"line":56},"2":{"loc":{"start":{"line":61,"column":15},"end":{"line":61,"column":149}},"type":"cond-expr","locations":[{"start":{"line":61,"column":25},"end":{"line":61,"column":142}},{"start":{"line":61,"column":145},"end":{"line":61,"column":149}}],"line":61}},"s":{"0":1,"1":6,"2":6,"3":6,"4":0,"5":0,"6":0,"7":6,"8":0,"9":0,"10":0,"11":0,"12":0,"13":6,"14":0,"15":6,"16":0,"17":6,"18":0},"f":{"0":6,"1":0,"2":0,"3":0,"4":0,"5":0,"6":0,"7":0,"8":0,"9":0,"10":0,"11":0},"b":{"0":[4,2],"1":[0,6],"2":[0,0]},"_coverageSchema":"1a1c01bbd47fc00a2c39e90264f33305004495a9","hash":"f87ef266bbccb505d117d0c4368e8fdc465f3659"}
,"/Users/banzubie/RFE2207/fec/client/src/Reviews/Reviews.jsx": {"path":"/Users/banzubie/RFE2207/fec/client/src/Reviews/Reviews.jsx","statementMap":{"0":{"start":{"line":9,"column":16},"end":{"line":20,"column":1}},"1":{"start":{"line":10,"column":36},"end":{"line":10,"column":47}},"2":{"start":{"line":11,"column":2},"end":{"line":19,"column":3}}},"fnMap":{"0":{"name":"(anonymous_0)","decl":{"start":{"line":9,"column":16},"end":{"line":9,"column":17}},"loc":{"start":{"line":9,"column":57},"end":{"line":20,"column":1}},"line":9}},"branchMap":{},"s":{"0":1,"1":1,"2":1},"f":{"0":1},"b":{},"_coverageSchema":"1a1c01bbd47fc00a2c39e90264f33305004495a9","hash":"1eeb0597b063d2c284f1556c3f93268eb08990f6"}
,"/Users/banzubie/RFE2207/fec/client/src/Shared/StarScale.jsx": {"path":"/Users/banzubie/RFE2207/fec/client/src/Shared/StarScale.jsx","statementMap":{"0":{"start":{"line":4,"column":18},"end":{"line":53,"column":1}},"1":{"start":{"line":6,"column":15},"end":{"line":16,"column":3}},"2":{"start":{"line":18,"column":20},"end":{"line":28,"column":3}},"3":{"start":{"line":30,"column":20},"end":{"line":34,"column":3}},"4":{"start":{"line":35,"column":2},"end":{"line":52,"column":3}}},"fnMap":{"0":{"name":"(anonymous_0)","decl":{"start":{"line":4,"column":18},"end":{"line":4,"column":19}},"loc":{"start":{"line":4,"column":27},"end":{"line":53,"column":1}},"line":4}},"branchMap":{},"s":{"0":1,"1":7,"2":7,"3":7,"4":7},"f":{"0":7},"b":{},"_coverageSchema":"1a1c01bbd47fc00a2c39e90264f33305004495a9","hash":"907b570bae005d79acccd88a34b6f9f95fa2c6db"}
}
