TN:
SF:client/src/Reviews/ReviewForm.jsx
FN:6,(anonymous_0)
FN:16,(anonymous_1)
FN:22,(anonymous_2)
FN:25,(anonymous_3)
FN:30,(anonymous_4)
FN:43,(anonymous_5)
FN:51,(anonymous_6)
FN:53,(anonymous_7)
FN:56,(anonymous_8)
FN:59,(anonymous_9)
FN:63,(anonymous_10)
FN:74,(anonymous_11)
FN:82,(anonymous_12)
FN:89,(anonymous_13)
FN:96,(anonymous_14)
FN:111,(anonymous_15)
FNF:16
FNH:4
FNDA:3,(anonymous_0)
FNDA:1,(anonymous_1)
FNDA:1,(anonymous_2)
FNDA:0,(anonymous_3)
FNDA:0,(anonymous_4)
FNDA:0,(anonymous_5)
FNDA:0,(anonymous_6)
FNDA:0,(anonymous_7)
FNDA:0,(anonymous_8)
FNDA:1,(anonymous_9)
FNDA:0,(anonymous_10)
FNDA:0,(anonymous_11)
FNDA:0,(anonymous_12)
FNDA:0,(anonymous_13)
FNDA:0,(anonymous_14)
FNDA:0,(anonymous_15)
DA:6,1
DA:8,3
DA:9,3
DA:10,3
DA:11,3
DA:12,3
DA:13,3
DA:14,3
DA:16,3
DA:17,1
DA:23,1
DA:26,0
DA:30,3
DA:31,0
DA:33,0
DA:44,0
DA:45,0
DA:52,0
DA:54,0
DA:56,0
DA:59,3
DA:60,1
DA:61,1
DA:63,0
DA:74,3
DA:75,0
DA:76,0
DA:77,0
DA:78,0
DA:79,0
DA:82,3
DA:83,0
DA:84,0
DA:85,0
DA:86,0
DA:89,3
DA:90,0
DA:93,3
DA:96,0
DA:112,0
LF:40
LH:19
BRDA:109,0,0,3
BRDA:109,0,1,0
BRDA:117,1,0,3
BRDA:117,1,1,0
BRF:4
BRH:2
end_of_record
TN:
SF:client/src/Reviews/ReviewList.jsx
FN:6,(anonymous_0)
FN:11,(anonymous_1)
FN:19,(anonymous_2)
FN:21,(anonymous_3)
FN:27,(anonymous_4)
FN:32,(anonymous_5)
FN:39,(anonymous_6)
FN:41,(anonymous_7)
FN:68,(anonymous_8)
FNF:9
FNH:5
FNDA:4,(anonymous_0)
FNDA:1,(anonymous_1)
FNDA:1,(anonymous_2)
FNDA:0,(anonymous_3)
FNDA:1,(anonymous_4)
FNDA:0,(anonymous_5)
FNDA:0,(anonymous_6)
FNDA:0,(anonymous_7)
FNDA:75,(anonymous_8)
DA:6,1
DA:8,4
DA:11,4
DA:12,1
DA:13,1
DA:20,1
DA:22,0
DA:27,4
DA:28,1
DA:32,4
DA:33,0
DA:40,0
DA:42,0
DA:46,4
DA:47,4
DA:48,4
DA:51,4
DA:52,1
DA:59,3
DA:69,75
DA:70,10
LF:21
LH:17
BRDA:47,0,0,4
BRDA:47,0,1,0
BRDA:51,1,0,1
BRDA:51,1,1,3
BRDA:69,2,0,10
BRDA:69,2,1,65
BRF:6
BRH:5
end_of_record
TN:
SF:client/src/Reviews/ReviewMeta.jsx
FN:6,(anonymous_0)
FN:9,(anonymous_1)
FN:14,(anonymous_2)
FN:24,(anonymous_3)
FN:30,(anonymous_4)
FN:35,(anonymous_5)
FNF:6
FNH:5
FNDA:3,(anonymous_0)
FNDA:1,(anonymous_1)
FNDA:1,(anonymous_2)
FNDA:0,(anonymous_3)
FNDA:10,(anonymous_4)
FNDA:8,(anonymous_5)
DA:6,1
DA:9,3
DA:10,1
DA:15,1
DA:16,1
DA:17,1
DA:18,1
DA:19,5
DA:20,5
DA:22,1
DA:23,1
DA:25,0
DA:30,3
DA:31,10
DA:35,3
DA:36,8
DA:48,3
DA:49,1
DA:51,2
LF:19
LH:18
BRDA:48,0,0,1
BRDA:48,0,1,2
BRDA:59,1,0,2
BRDA:59,1,1,0
BRDA:61,2,0,2
BRDA:61,2,1,0
BRDA:66,3,0,2
BRDA:66,3,1,0
BRDA:68,4,0,2
BRDA:68,4,1,0
BRDA:73,5,0,2
BRDA:73,5,1,0
BRDA:75,6,0,2
BRDA:75,6,1,0
BRDA:80,7,0,2
BRDA:80,7,1,0
BRDA:82,8,0,2
BRDA:82,8,1,0
BRDA:87,9,0,2
BRDA:87,9,1,0
BRDA:89,10,0,2
BRDA:89,10,1,0
BRDA:91,11,0,2
BRDA:91,11,1,0
BRDA:100,12,0,0
BRDA:100,12,1,2
BRDA:109,13,0,0
BRDA:109,13,1,2
BRDA:118,14,0,2
BRDA:118,14,1,0
BRDA:127,15,0,2
BRDA:127,15,1,0
BRDA:136,16,0,2
BRDA:136,16,1,0
BRF:34
BRH:18
end_of_record
TN:
SF:client/src/Reviews/ReviewRatingSelectors.jsx
FN:3,(anonymous_0)
FN:5,(anonymous_1)
FN:54,(anonymous_2)
FN:55,(anonymous_3)
FN:56,(anonymous_4)
FN:57,(anonymous_5)
FN:58,(anonymous_6)
FN:61,(anonymous_7)
FN:62,(anonymous_8)
FN:63,(anonymous_9)
FN:64,(anonymous_10)
FN:65,(anonymous_11)
FN:82,(anonymous_12)
FN:83,(anonymous_13)
FNF:14
FNH:2
FNDA:3,(anonymous_0)
FNDA:3,(anonymous_1)
FNDA:0,(anonymous_2)
FNDA:0,(anonymous_3)
FNDA:0,(anonymous_4)
FNDA:0,(anonymous_5)
FNDA:0,(anonymous_6)
FNDA:0,(anonymous_7)
FNDA:0,(anonymous_8)
FNDA:0,(anonymous_9)
FNDA:0,(anonymous_10)
FNDA:0,(anonymous_11)
FNDA:0,(anonymous_12)
FNDA:0,(anonymous_13)
DA:3,1
DA:5,3
DA:6,3
DA:7,3
DA:8,0
DA:9,3
DA:10,0
DA:11,3
DA:12,0
DA:13,3
DA:14,0
DA:15,3
DA:16,0
DA:18,3
DA:31,3
DA:44,3
DA:50,3
DA:54,0
DA:55,0
DA:56,0
DA:57,0
DA:58,0
DA:61,0
DA:62,0
DA:63,0
DA:64,0
DA:65,0
DA:73,3
DA:82,0
DA:83,0
LF:30
LH:13
BRDA:7,0,0,0
BRDA:7,0,1,3
BRDA:9,1,0,0
BRDA:9,1,1,3
BRDA:11,2,0,0
BRDA:11,2,1,3
BRDA:13,3,0,0
BRDA:13,3,1,3
BRDA:15,4,0,0
BRDA:15,4,1,3
BRDA:86,5,0,3
BRDA:86,5,1,0
BRDA:109,6,0,3
BRDA:109,6,1,0
BRDA:132,7,0,3
BRDA:132,7,1,0
BRDA:155,8,0,3
BRDA:155,8,1,0
BRDA:178,9,0,0
BRDA:178,9,1,3
BRDA:201,10,0,0
BRDA:201,10,1,3
BRF:22
BRH:11
end_of_record
TN:
SF:client/src/Reviews/ReviewTile.jsx
FN:5,(anonymous_0)
FN:16,(anonymous_1)
FN:23,(anonymous_2)
FN:26,(anonymous_3)
FN:29,(anonymous_4)
FN:35,(anonymous_5)
FN:39,(anonymous_6)
FN:45,(anonymous_7)
FN:47,(anonymous_8)
FN:50,(anonymous_9)
FN:59,(anonymous_10)
FN:65,(anonymous_11)
FN:70,(anonymous_12)
FN:82,(anonymous_13)
FN:85,(anonymous_14)
FNF:15
FNH:6
FNDA:13,(anonymous_0)
FNDA:4,(anonymous_1)
FNDA:0,(anonymous_2)
FNDA:0,(anonymous_3)
FNDA:0,(anonymous_4)
FNDA:0,(anonymous_5)
FNDA:0,(anonymous_6)
FNDA:0,(anonymous_7)
FNDA:0,(anonymous_8)
FNDA:0,(anonymous_9)
FNDA:2,(anonymous_10)
FNDA:1,(anonymous_11)
FNDA:0,(anonymous_12)
FNDA:13,(anonymous_13)
FNDA:2,(anonymous_14)
DA:5,1
DA:7,13
DA:9,13
DA:11,13
DA:13,13
DA:16,13
DA:17,4
DA:18,0
DA:23,13
DA:24,0
DA:27,0
DA:28,0
DA:30,0
DA:35,13
DA:36,0
DA:37,0
DA:40,0
DA:46,0
DA:48,0
DA:51,0
DA:54,0
DA:59,13
DA:60,2
DA:65,13
DA:66,1
DA:70,13
DA:71,0
DA:74,13
DA:83,13
DA:85,2
LF:30
LH:17
BRDA:17,0,0,0
BRDA:17,0,1,4
BRDA:36,1,0,0
BRDA:36,1,1,0
BRDA:78,2,0,13
BRDA:78,2,1,0
BRDA:80,3,0,11
BRDA:80,3,1,2
BRDA:81,4,0,11
BRDA:81,4,1,2
BRDA:91,5,0,13
BRDA:91,5,1,0
BRF:12
BRH:7
end_of_record
TN:
SF:client/src/Reviews/Reviews.jsx
FN:9,(anonymous_0)
FN:23,(anonymous_1)
FN:28,(anonymous_2)
FN:34,(anonymous_3)
FN:40,(anonymous_4)
FNF:5
FNH:2
FNDA:3,(anonymous_0)
FNDA:2,(anonymous_1)
FNDA:0,(anonymous_2)
FNDA:0,(anonymous_3)
FNDA:0,(anonymous_4)
DA:9,1
DA:11,3
DA:13,3
DA:15,3
DA:17,3
DA:19,3
DA:21,3
DA:23,3
DA:24,2
DA:28,3
DA:29,0
DA:30,0
DA:31,0
DA:32,0
DA:33,0
DA:34,0
DA:35,0
DA:38,0
DA:39,0
DA:40,0
DA:41,0
DA:46,3
LF:22
LH:11
BRDA:31,0,0,0
BRDA:31,0,1,0
BRDA:51,1,0,1
BRDA:51,1,1,2
BRF:4
BRH:2
end_of_record
TN:
SF:client/src/Shared/StarScale.jsx
FN:4,(anonymous_0)
FNF:1
FNH:1
FNDA:15,(anonymous_0)
DA:4,1
DA:6,15
DA:18,15
DA:30,15
DA:35,15
LF:5
LH:5
BRF:0
BRH:0
end_of_record
